<?xml version="1.0" encoding="UTF-8"?>
<!-- Generated by org.testng.reporters.JUnitReportReporter -->
<testsuite hostname="ACER" failures="0" tests="2" name="qaclickacademy.AppiumTest" time="0.017" errors="0" timestamp="2020-09-03T16:12:13 IST" skipped="0">
  <testcase classname="qaclickacademy.AppiumTest" name="NativeAppAndroid" time="0.002"/>
  <system-out/>
  <testcase classname="qaclickacademy.AppiumTest" name="IOSApps" time="0.015"/>
  <system-out/>
</testsuite> <!-- qaclickacademy.AppiumTest -->
