<?xml version="1.0" encoding="UTF-8"?>
<!-- Generated by org.testng.reporters.JUnitReportReporter -->
<testsuite hostname="ACER" failures="0" tests="2" name="qaclickacademy.AppiumTest" time="0.007" errors="0" timestamp="2020-04-10T19:21:16 IST" skipped="0">
  <testcase classname="qaclickacademy.AppiumTest" name="NativeAppAndroid" time="0.001"/>
  <system-out/>
  <testcase classname="qaclickacademy.AppiumTest" name="IOSApps" time="0.006"/>
  <system-out/>
</testsuite> <!-- qaclickacademy.AppiumTest -->
