<?xml version="1.0" encoding="UTF-8"?>
<!-- Generated by org.testng.reporters.JUnitReportReporter -->
<testsuite hostname="ACER" failures="0" tests="2" name="qaclickacademy.RESTAPITest" time="0.001" errors="0" timestamp="2020-04-10T19:20:53 IST" skipped="0">
  <testcase classname="qaclickacademy.RESTAPITest" name="deleteTwitter" time="0.000"/>
  <system-out/>
  <testcase classname="qaclickacademy.RESTAPITest" name="postJira" time="0.001"/>
  <system-out/>
</testsuite> <!-- qaclickacademy.RESTAPITest -->
